<?xml version="1.0" encoding="utf-8"?><testsuites name="pytest tests"><testsuite name="pytest" errors="0" failures="0" skipped="0" tests="14" time="3.937" timestamp="2026-07-07T12:38:38.442065+00:00" hostname="agent-env-4ebb1df8-5b08-4f89-88e6-f5057890d592"><testcase classname="tests.backend_test" name="test_root" time="0.289" /><testcase classname="tests.backend_test" name="test_products_list_shape" time="0.129" /><testcase classname="tests.backend_test" name="test_products_filter_saree" time="0.138" /><testcase classname="tests.backend_test" name="test_products_filter_skincare" time="0.154" /><testcase classname="tests.backend_test" name="test_product_detail_tamarai" time="0.132" /><testcase classname="tests.backend_test" name="test_product_detail_404" time="0.134" /><testcase classname="tests.backend_test" name="test_ingredients" time="0.140" /><testcase classname="tests.backend_test" name="test_checkout_session_success" time="0.814" /><testcase classname="tests.backend_test" name="test_checkout_invalid_product" time="0.143" /><testcase classname="tests.backend_test" name="test_checkout_empty_cart" time="0.096" /><testcase classname="tests.backend_test" name="test_checkout_status_unknown" time="0.112" /><testcase classname="tests.backend_test" name="test_newsletter_subscribe_idempotent" time="0.209" /><testcase classname="tests.backend_test" name="test_contact_message" time="0.138" /><testcase classname="tests.backend_test" name="test_cors_options_products" time="0.067" /></testsuite></testsuites>